# JRE version: Java(TM) SE Runtime Environment (8.0_151-b12) (build 1.8.0_151-b12)
# Java VM: Java HotSpot(TM) 64-Bit Server VM (25.151-b12 mixed mode linux-amd64 compressed oops)
Heap:
 PSYoungGen      total 16384K, used 4281K [0x00000000ee400000, 0x00000000f0280000, 0x0000000100000000)
  eden space 14336K, 29% used [0x00000000ee400000,0x00000000ee82e4f0,0x00000000ef200000)
  from space 2048K, 0% used [0x00000000ef200000,0x00000000ef200000,0x00000000ef400000)
  to   space 6656K, 0% used [0x00000000efc00000,0x00000000efc00000,0x00000000f0280000)
 ParOldGen       total 38912K, used 10045K [0x00000000cac00000, 0x00000000cd200000, 0x00000000ee400000)
  object space 38912K, 25% used [0x00000000cac00000,0x00000000cb5cf7d0,0x00000000cd200000)
 Metaspace       used 21308K, capacity 22324K, committed 22528K, reserved 1069056K
  class space    used 3004K, capacity 3219K, committed 3328K, reserved 1048576K
GC Heap History (10 events):
Event: 0.888 GC heap before
{Heap before GC invocations=2 (full 0):
 PSYoungGen      total 16384K, used 16236K [0x00000000ee400000, 0x00000000ef600000, 0x0000000100000000)
  eden space 14336K, 100% used [0x00000000ee400000,0x00000000ef200000,0x00000000ef200000)
  from space 2048K, 92% used [0x00000000ef200000,0x00000000ef3db188,0x00000000ef400000)
  to   space 2048K, 0% used [0x00000000ef400000,0x00000000ef400000,0x00000000ef600000)
 ParOldGen       total 36864K, used 8K [0x00000000cac00000, 0x00000000cd000000, 0x00000000ee400000)
  object space 36864K, 0% used [0x00000000cac00000,0x00000000cac02000,0x00000000cd000000)
 Metaspace       used 12990K, capacity 13428K, committed 13696K, reserved 1060864K
  class space    used 1676K, capacity 1795K, committed 1920K, reserved 1048576K
Event: 0.894 GC heap after
Heap after GC invocations=2 (full 0):
 PSYoungGen      total 16384K, used 2016K [0x00000000ee400000, 0x00000000f0400000, 0x0000000100000000)
  eden space 14336K, 0% used [0x00000000ee400000,0x00000000ee400000,0x00000000ef200000)
  from space 2048K, 98% used [0x00000000ef400000,0x00000000ef5f8020,0x00000000ef600000)
  to   space 2048K, 0% used [0x00000000ef200000,0x00000000ef200000,0x00000000ef400000)
 ParOldGen       total 36864K, used 3297K [0x00000000cac00000, 0x00000000cd000000, 0x00000000ee400000)
  object space 36864K, 8% used [0x00000000cac00000,0x00000000caf38548,0x00000000cd000000)
 Metaspace       used 12990K, capacity 13428K, committed 13696K, reserved 1060864K
  class space    used 1676K, capacity 1795K, committed 1920K, reserved 1048576K
}
Event: 1.410 GC heap before
{Heap before GC invocations=3 (full 0):
 PSYoungGen      total 16384K, used 16352K [0x00000000ee400000, 0x00000000f0400000, 0x0000000100000000)
  eden space 14336K, 100% used [0x00000000ee400000,0x00000000ef200000,0x00000000ef200000)
  from space 2048K, 98% used [0x00000000ef400000,0x00000000ef5f8020,0x00000000ef600000)
  to   space 2048K, 0% used [0x00000000ef200000,0x00000000ef200000,0x00000000ef400000)
 ParOldGen       total 36864K, used 3297K [0x00000000cac00000, 0x00000000cd000000, 0x00000000ee400000)
  object space 36864K, 8% used [0x00000000cac00000,0x00000000caf38548,0x00000000cd000000)
 Metaspace       used 17037K, capacity 17694K, committed 17792K, reserved 1064960K
  class space    used 2481K, capacity 2646K, committed 2688K, reserved 1048576K
Event: 1.417 GC heap after
Heap after GC invocations=3 (full 0):
 PSYoungGen      total 16384K, used 2016K [0x00000000ee400000, 0x00000000f0400000, 0x0000000100000000)
  eden space 14336K, 0% used [0x00000000ee400000,0x00000000ee400000,0x00000000ef200000)
  from space 2048K, 98% used [0x00000000ef200000,0x00000000ef3f8020,0x00000000ef400000)
  to   space 2048K, 0% used [0x00000000f0200000,0x00000000f0200000,0x00000000f0400000)
 ParOldGen       total 36864K, used 5254K [0x00000000cac00000, 0x00000000cd000000, 0x00000000ee400000)
  object space 36864K, 14% used [0x00000000cac00000,0x00000000cb121908,0x00000000cd000000)
 Metaspace       used 17037K, capacity 17694K, committed 17792K, reserved 1064960K
  class space    used 2481K, capacity 2646K, committed 2688K, reserved 1048576K
}
Event: 3.212 GC heap before
{Heap before GC invocations=4 (full 0):
 PSYoungGen      total 16384K, used 16352K [0x00000000ee400000, 0x00000000f0400000, 0x0000000100000000)
  eden space 14336K, 100% used [0x00000000ee400000,0x00000000ef200000,0x00000000ef200000)
  from space 2048K, 98% used [0x00000000ef200000,0x00000000ef3f8020,0x00000000ef400000)
  to   space 2048K, 0% used [0x00000000f0200000,0x00000000f0200000,0x00000000f0400000)
 ParOldGen       total 36864K, used 5254K [0x00000000cac00000, 0x00000000cd000000, 0x00000000ee400000)
  object space 36864K, 14% used [0x00000000cac00000,0x00000000cb121908,0x00000000cd000000)
 Metaspace       used 19879K, capacity 20922K, committed 21120K, reserved 1067008K
  class space    used 2931K, capacity 3146K, committed 3200K, reserved 1048576K
Event: 3.219 GC heap after
Heap after GC invocations=4 (full 0):
 PSYoungGen      total 16384K, used 2036K [0x00000000ee400000, 0x00000000f0400000, 0x0000000100000000)
  eden space 14336K, 0% used [0x00000000ee400000,0x00000000ee400000,0x00000000ef200000)
  from space 2048K, 99% used [0x00000000f0200000,0x00000000f03fd048,0x00000000f0400000)
  to   space 2048K, 0% used [0x00000000ef200000,0x00000000ef200000,0x00000000ef400000)
 ParOldGen       total 36864K, used 8177K [0x00000000cac00000, 0x00000000cd000000, 0x00000000ee400000)
  object space 36864K, 22% used [0x00000000cac00000,0x00000000cb3fc608,0x00000000cd000000)
 Metaspace       used 19879K, capacity 20922K, committed 21120K, reserved 1067008K
  class space    used 2931K, capacity 3146K, committed 3200K, reserved 1048576K
}
Event: 4.451 GC heap before
{Heap before GC invocations=5 (full 0):
 PSYoungGen      total 16384K, used 3675K [0x00000000ee400000, 0x00000000f0400000, 0x0000000100000000)
  eden space 14336K, 11% used [0x00000000ee400000,0x00000000ee599c58,0x00000000ef200000)
  from space 2048K, 99% used [0x00000000f0200000,0x00000000f03fd048,0x00000000f0400000)
  to   space 2048K, 0% used [0x00000000ef200000,0x00000000ef200000,0x00000000ef400000)
 ParOldGen       total 36864K, used 8177K [0x00000000cac00000, 0x00000000cd000000, 0x00000000ee400000)
  object space 36864K, 22% used [0x00000000cac00000,0x00000000cb3fc608,0x00000000cd000000)
 Metaspace       used 20272K, capacity 21246K, committed 21296K, reserved 1067008K
  class space    used 2967K, capacity 3184K, committed 3200K, reserved 1048576K
Event: 4.464 GC heap after
Heap after GC invocations=5 (full 0):
 PSYoungGen      total 16384K, used 2036K [0x00000000ee400000, 0x00000000f0280000, 0x0000000100000000)
  eden space 14336K, 0% used [0x00000000ee400000,0x00000000ee400000,0x00000000ef200000)
  from space 2048K, 99% used [0x00000000ef200000,0x00000000ef3fd048,0x00000000ef400000)
  to   space 6656K, 0% used [0x00000000efc00000,0x00000000efc00000,0x00000000f0280000)
 ParOldGen       total 36864K, used 8355K [0x00000000cac00000, 0x00000000cd000000, 0x00000000ee400000)
  object space 36864K, 22% used [0x00000000cac00000,0x00000000cb428c00,0x00000000cd000000)
 Metaspace       used 20272K, capacity 21246K, committed 21296K, reserved 1067008K
  class space    used 2967K, capacity 3184K, committed 3200K, reserved 1048576K
}
Event: 4.464 GC heap before
{Heap before GC invocations=6 (full 1):
 PSYoungGen      total 16384K, used 2036K [0x00000000ee400000, 0x00000000f0280000, 0x0000000100000000)
  eden space 14336K, 0% used [0x00000000ee400000,0x00000000ee400000,0x00000000ef200000)
  from space 2048K, 99% used [0x00000000ef200000,0x00000000ef3fd048,0x00000000ef400000)
  to   space 6656K, 0% used [0x00000000efc00000,0x00000000efc00000,0x00000000f0280000)
 ParOldGen       total 36864K, used 8355K [0x00000000cac00000, 0x00000000cd000000, 0x00000000ee400000)
  object space 36864K, 22% used [0x00000000cac00000,0x00000000cb428c00,0x00000000cd000000)
 Metaspace       used 20272K, capacity 21246K, committed 21296K, reserved 1067008K
  class space    used 2967K, capacity 3184K, committed 3200K, reserved 1048576K
Event: 4.560 GC heap after
Heap after GC invocations=6 (full 1):
 PSYoungGen      total 16384K, used 0K [0x00000000ee400000, 0x00000000f0280000, 0x0000000100000000)
  eden space 14336K, 0% used [0x00000000ee400000,0x00000000ee400000,0x00000000ef200000)
  from space 2048K, 0% used [0x00000000ef200000,0x00000000ef200000,0x00000000ef400000)
  to   space 6656K, 0% used [0x00000000efc00000,0x00000000efc00000,0x00000000f0280000)
 ParOldGen       total 38912K, used 10045K [0x00000000cac00000, 0x00000000cd200000, 0x00000000ee400000)
  object space 38912K, 25% used [0x00000000cac00000,0x00000000cb5cf7d0,0x00000000cd200000)
 Metaspace       used 20272K, capacity 21246K, committed 21296K, reserved 1067008K
  class space    used 2967K, capacity 3184K, committed 3200K, reserved 1048576K
}

